Arguments: 
  /Users/Stephykoo/.nvm/versions/node/v9.5.0/bin/node /Users/Stephykoo/.nvm/versions/node/v9.5.0/bin/yarn start

PATH: 
  /Users/Stephykoo/.rvm/gems/ruby-2.4.1/bin:/Users/Stephykoo/.rvm/gems/ruby-2.4.1@global/bin:/Users/Stephykoo/.rvm/rubies/ruby-2.4.1/bin:/Users/Stephykoo/.nvm/versions/node/v9.5.0/bin:/usr/local/bin:/usr/bin:/bin:/usr/sbin:/sbin:/Users/Stephykoo/.rvm/bin

Yarn version: 
  1.5.1

Node version: 
  9.5.0

Platform: 
  darwin x64

npm manifest: 
  No manifest

yarn manifest: 
  No manifest

Lockfile: 
  No lockfile

Trace: 
  Error: Couldn't find a package.json file in "/Users/Stephykoo/Desktop/LEARN Academy Lesson /Week 10/HotSpotz_App"
      at new MessageError (/Users/Stephykoo/.nvm/versions/node/v9.5.0/lib/node_modules/yarn/lib/cli.js:186:110)
      at /Users/Stephykoo/.nvm/versions/node/v9.5.0/lib/node_modules/yarn/lib/cli.js:40048:15
      at Generator.next (<anonymous>)
      at step (/Users/Stephykoo/.nvm/versions/node/v9.5.0/lib/node_modules/yarn/lib/cli.js:98:30)
      at /Users/Stephykoo/.nvm/versions/node/v9.5.0/lib/node_modules/yarn/lib/cli.js:109:13
      at <anonymous>
